<?xml version="1.0" encoding="UTF-8"?>
<!-- Generated by org.testng.reporters.JUnitReportReporter -->
<testsuite hostname="NAGAR" failures="0" tests="1" name="CustomApi.ValidateJsonSchema" time="1.580" errors="0" timestamp="2023-09-20T22:20:30 CEST" skipped="0">
  <testcase classname="CustomApi.ValidateJsonSchema" name="test02" time="1.580"/>
  <system-out/>
</testsuite> <!-- CustomApi.ValidateJsonSchema -->
