<?xml version="1.0" encoding="UTF-8"?>
<!-- Generated by org.testng.reporters.JUnitReportReporter -->
<testsuite hostname="NAGAR" failures="0" tests="1" name="defaultPackage.Test1" time="1.267" errors="0" timestamp="2022-10-11T18:09:39 IST" skipped="0">
  <testcase classname="defaultPackage.Test1" name="get" time="1.267"/>
  <system-out/>
</testsuite> <!-- defaultPackage.Test1 -->
