<?xml version="1.0" encoding="UTF-8"?>
<!-- Generated by org.testng.reporters.JUnitReportReporter -->
<testsuite hostname="NAGAR" failures="0" tests="1" name="defaultPackage.TestGET" time="2.035" errors="0" timestamp="2023-09-25T22:09:41 CEST" skipped="0">
  <testcase classname="defaultPackage.TestGET" name="test02" time="2.035"/>
  <system-out/>
</testsuite> <!-- defaultPackage.TestGET -->
