<?xml version="1.0" encoding="UTF-8"?>
<!-- Generated by org.testng.reporters.JUnitReportReporter -->
<testsuite hostname="NAGAR" failures="0" tests="1" name="defaultPackage.Test_POST" time="1.308" errors="0" timestamp="2022-10-11T20:11:01 IST" skipped="0">
  <testcase classname="defaultPackage.Test_POST" name="test02" time="1.308"/>
  <system-out/>
</testsuite> <!-- defaultPackage.Test_POST -->
