<?xml version="1.0" encoding="UTF-8"?>
<!-- Generated by org.testng.reporters.JUnitReportReporter -->
<testsuite hostname="NAGAR" failures="0" tests="1" name="CustomApi.TestPatch" time="1.078" errors="0" timestamp="2022-10-11T21:19:59 IST" skipped="0">
  <testcase classname="CustomApi.TestPatch" name="test" time="1.078"/>
  <system-out/>
</testsuite> <!-- CustomApi.TestPatch -->
