<?xml version="1.0" encoding="UTF-8"?>
<!-- Generated by org.testng.reporters.JUnitReportReporter -->
<testsuite hostname="NAGAR" failures="0" tests="1" name="CustomApi.TestPut" time="1.132" errors="0" timestamp="2022-10-11T21:22:07 IST" skipped="0">
  <testcase classname="CustomApi.TestPut" name="test" time="1.132"/>
  <system-out/>
</testsuite> <!-- CustomApi.TestPut -->
