<?xml version="1.0" encoding="UTF-8"?>
<!-- Generated by org.testng.reporters.JUnitReportReporter -->
<testsuite hostname="NAGAR" failures="0" tests="1" name="defaultPackage.Test_DELETE" time="1.395" errors="0" timestamp="2022-10-11T20:19:25 IST" skipped="0">
  <testcase classname="defaultPackage.Test_DELETE" name="test03" time="1.395"/>
  <system-out/>
</testsuite> <!-- defaultPackage.Test_DELETE -->
