<?xml version="1.0" encoding="UTF-8"?>
<!-- Generated by org.testng.reporters.JUnitReportReporter -->
<testsuite hostname="NAGAR" failures="0" tests="1" name="defaultPackage.Test_PATCH" time="1.481" errors="0" timestamp="2022-10-11T20:17:50 IST" skipped="0">
  <testcase classname="defaultPackage.Test_PATCH" name="test03" time="1.481"/>
  <system-out/>
</testsuite> <!-- defaultPackage.Test_PATCH -->
