<?xml version="1.0" encoding="UTF-8"?>
<!-- Generated by org.testng.reporters.JUnitReportReporter -->
<testsuite hostname="NAGAR" failures="0" tests="1" name="CustomApi.TestGet" time="1.448" errors="0" timestamp="2023-09-20T22:14:56 CEST" skipped="0">
  <testcase classname="CustomApi.TestGet" name="test" time="1.448"/>
  <system-out/>
</testsuite> <!-- CustomApi.TestGet -->
