<?xml version="1.0" encoding="UTF-8"?>
<!-- Generated by org.testng.reporters.JUnitReportReporter -->
<testsuite hostname="NAGAR" failures="0" tests="1" name="defaultPackage.Test01_GET" time="1.787" errors="0" timestamp="2022-10-11T19:52:14 IST" skipped="0">
  <testcase classname="defaultPackage.Test01_GET" name="test02" time="1.787"/>
  <system-out/>
</testsuite> <!-- defaultPackage.Test01_GET -->
