<?xml version="1.0" encoding="UTF-8"?>
<!-- Generated by org.testng.reporters.JUnitReportReporter -->
<testsuite hostname="NAGAR" failures="0" tests="1" name="CustomApi.TestDelete" time="1.098" errors="0" timestamp="2022-10-11T21:23:11 IST" skipped="0">
  <testcase classname="CustomApi.TestDelete" name="test" time="1.098"/>
  <system-out/>
</testsuite> <!-- CustomApi.TestDelete -->
